<?xml version="1.0" encoding="UTF-8"?>
<testng-results ignored="0" total="2" passed="2" failed="0" skipped="0">
  <reporter-output>
  </reporter-output>
  <suite started-at="2022-03-24T13:14:14 IST" name="Default suite" finished-at="2022-03-24T13:14:35 IST" duration-ms="21316">
    <groups>
    </groups>
    <test started-at="2022-03-24T13:14:14 IST" name="Default test" finished-at="2022-03-24T13:14:35 IST" duration-ms="21316">
      <class name="report.TestRun">
        <test-method is-config="true" signature="configBS()[pri:0, instance:report.TestRun@5939a379]" started-at="2022-03-24T13:14:13 IST" name="configBS" finished-at="2022-03-24T13:14:14 IST" duration-ms="259" status="PASS">
          <reporter-output>
          </reporter-output>
        </test-method> <!-- configBS -->
        <test-method is-config="true" signature="launchBrowser()[pri:0, instance:report.TestRun@5939a379]" started-at="2022-03-24T13:14:14 IST" name="launchBrowser" finished-at="2022-03-24T13:14:14 IST" duration-ms="1" status="PASS">
          <reporter-output>
          </reporter-output>
        </test-method> <!-- launchBrowser -->
        <test-method is-config="true" signature="login()[pri:0, instance:report.TestRun@5939a379]" started-at="2022-03-24T13:14:14 IST" name="login" finished-at="2022-03-24T13:14:20 IST" duration-ms="6522" status="PASS">
          <reporter-output>
          </reporter-output>
        </test-method> <!-- login -->
        <test-method signature="loginTest()[pri:0, instance:report.TestRun@5939a379]" started-at="2022-03-24T13:14:20 IST" name="loginTest" finished-at="2022-03-24T13:14:25 IST" duration-ms="4571" status="PASS">
          <reporter-output>
          </reporter-output>
        </test-method> <!-- loginTest -->
        <test-method is-config="true" signature="logOut()[pri:0, instance:report.TestRun@5939a379]" started-at="2022-03-24T13:14:25 IST" name="logOut" finished-at="2022-03-24T13:14:29 IST" duration-ms="4133" status="PASS">
          <reporter-output>
          </reporter-output>
        </test-method> <!-- logOut -->
        <test-method is-config="true" signature="login()[pri:0, instance:report.TestRun@5939a379]" started-at="2022-03-24T13:14:29 IST" name="login" finished-at="2022-03-24T13:14:35 IST" duration-ms="5920" status="PASS">
          <reporter-output>
          </reporter-output>
        </test-method> <!-- login -->
        <test-method signature="test2()[pri:0, instance:report.TestRun@5939a379]" started-at="2022-03-24T13:14:35 IST" name="test2" finished-at="2022-03-24T13:14:35 IST" duration-ms="2" status="PASS">
          <reporter-output>
          </reporter-output>
        </test-method> <!-- test2 -->
        <test-method is-config="true" signature="logOut()[pri:0, instance:report.TestRun@5939a379]" started-at="2022-03-24T13:14:35 IST" name="logOut" finished-at="2022-03-24T13:14:35 IST" duration-ms="136" status="PASS">
          <reporter-output>
          </reporter-output>
        </test-method> <!-- logOut -->
        <test-method is-config="true" signature="quitBrowser()[pri:0, instance:report.TestRun@5939a379]" started-at="2022-03-24T13:14:35 IST" name="quitBrowser" finished-at="2022-03-24T13:14:35 IST" duration-ms="1" status="PASS">
          <reporter-output>
          </reporter-output>
        </test-method> <!-- quitBrowser -->
        <test-method is-config="true" signature="configAS()[pri:0, instance:report.TestRun@5939a379]" started-at="2022-03-24T13:14:35 IST" name="configAS" finished-at="2022-03-24T13:14:35 IST" duration-ms="437" status="PASS">
          <reporter-output>
          </reporter-output>
        </test-method> <!-- configAS -->
      </class> <!-- report.TestRun -->
    </test> <!-- Default test -->
  </suite> <!-- Default suite -->
</testng-results>
